{
  "Cucumber Features": {
    "coverage": {
      "/home/ubuntu/workspace/hw-bdd-tdd-cycle/rottenpotatoes/app/models/movie.rb": [
        1,
        1,
        13,
        null,
        null,
        1,
        1,
        null,
        null
      ],
      "/home/ubuntu/workspace/hw-bdd-tdd-cycle/rottenpotatoes/app/controllers/movies_controller.rb": [
        1,
        null,
        1,
        1,
        null,
        null,
        1,
        3,
        3,
        null,
        null,
        null,
        1,
        13,
        13,
        null,
        2,
        null,
        2,
        null,
        13,
        13,
        null,
        13,
        30,
        null,
        null,
        13,
        4,
        4,
        4,
        null,
        9,
        null,
        null,
        1,
        null,
        null,
        null,
        1,
        0,
        0,
        0,
        null,
        null,
        1,
        1,
        null,
        null,
        1,
        1,
        1,
        1,
        1,
        null,
        null,
        1,
        0,
        0,
        0,
        0,
        null,
        null,
        1,
        null,
        2,
        2,
        1,
        null,
        1,
        1,
        1,
        null,
        null,
        null,
        null
      ],
      "/home/ubuntu/workspace/hw-bdd-tdd-cycle/rottenpotatoes/app/controllers/application_controller.rb": [
        1,
        1,
        null
      ],
      "/home/ubuntu/workspace/hw-bdd-tdd-cycle/rottenpotatoes/app/helpers/application_helper.rb": [
        1,
        null
      ],
      "/home/ubuntu/workspace/hw-bdd-tdd-cycle/rottenpotatoes/app/helpers/movies_helper.rb": [
        1,
        null,
        1,
        0,
        null,
        null
      ]
    },
    "timestamp": 1457009194
  },
  "RSpec": {
    "coverage": {
      "/home/ubuntu/workspace/hw-bdd-tdd-cycle/rottenpotatoes/app/helpers/application_helper.rb": [
        1,
        null
      ],
      "/home/ubuntu/workspace/hw-bdd-tdd-cycle/rottenpotatoes/app/helpers/movies_helper.rb": [
        1,
        null,
        1,
        0,
        null,
        null
      ],
      "/home/ubuntu/workspace/hw-bdd-tdd-cycle/rottenpotatoes/app/controllers/movies_controller.rb": [
        1,
        null,
        1,
        1,
        null,
        null,
        1,
        3,
        3,
        null,
        null,
        null,
        1,
        3,
        3,
        null,
        0,
        null,
        0,
        null,
        3,
        3,
        null,
        3,
        18,
        null,
        null,
        3,
        0,
        0,
        0,
        null,
        3,
        null,
        null,
        1,
        null,
        null,
        null,
        1,
        1,
        1,
        1,
        null,
        null,
        1,
        0,
        null,
        null,
        1,
        0,
        0,
        0,
        0,
        null,
        null,
        1,
        1,
        1,
        1,
        1,
        null,
        null,
        1,
        null,
        2,
        2,
        1,
        null,
        1,
        1,
        1,
        null,
        null,
        null,
        null
      ],
      "/home/ubuntu/workspace/hw-bdd-tdd-cycle/rottenpotatoes/app/controllers/application_controller.rb": [
        1,
        1,
        null
      ],
      "/home/ubuntu/workspace/hw-bdd-tdd-cycle/rottenpotatoes/app/models/movie.rb": [
        1,
        1,
        4,
        null,
        null,
        1,
        3,
        null,
        null
      ]
    },
    "timestamp": 1457008930
  }
}
